2025-11-19 09:30:09, MOVE, v:1, k:poo@array, mode:PICK
2025-11-19 09:30:10, EXEC, v:1, k:poo@array, mode:LOCK, rate:100, size:0
2025-11-19 09:30:11, MOVE, v:1, k:poo@array, mode:BACK
2025-11-19 09:30:49, MOVE, v:1, k:poo@array, mode:PICK
2025-11-19 09:30:49, EXEC, v:1, k:poo@array, mode:LOCK, rate:100
2025-11-19 09:31:04, MOVE, v:1, k:poo@array, mode:BACK
2025-11-19 09:31:13, MOVE, v:1, k:poo@budega, mode:PICK
2025-11-19 09:31:14, EXEC, v:1, k:poo@budega, mode:FULL, rate:100
2025-11-19 09:31:15, MOVE, v:1, k:poo@budega, mode:BACK
2025-11-19 09:32:17, SELF, v:1, k:poo@budega, rate:100, guide:_, alone:8, study:300
2025-11-19 09:34:05, SELF, v:1, k:poo@lapiseira
2025-11-19 09:34:35, MOVE, v:1, k:poo@lapiseira, mode:PICK
2025-11-19 09:34:36, EXEC, v:1, k:poo@lapiseira, mode:FULL, rate:100
2025-11-19 09:34:39, MOVE, v:1, k:poo@lapiseira, mode:BACK
2025-11-19 09:35:02, SELF, v:1, k:poo@lapiseira, rate:100, guide:_, alone:9, study:320
2025-11-19 09:35:17, MOVE, v:1, k:poo@pula-pula, mode:PICK
2025-11-19 09:35:18, EXEC, v:1, k:poo@pula-pula, mode:FULL, rate:100
2025-11-19 09:35:19, MOVE, v:1, k:poo@pula-pula, mode:BACK
2025-11-19 09:36:51, SELF, v:1, k:poo@pula-pula, rate:100, human:_Ajuda_monitor, alone:8, study:360
2025-11-19 09:37:08, SELF, v:1, k:poo@lapiseira, rate:100, guide:_, alone:10, study:320
2025-11-19 09:37:20, SELF, v:1, k:poo@cinema
2025-11-19 09:37:29, MOVE, v:1, k:poo@cinema, mode:PICK
2025-11-19 09:37:29, EXEC, v:1, k:poo@cinema, mode:FULL, rate:100
2025-11-19 09:37:30, MOVE, v:1, k:poo@cinema, mode:BACK
2025-11-19 09:38:19, SELF, v:1, k:poo@cinema, rate:100, guide:_Aula_das_outras_turmas_nos_anos_anteriores, alone:8, study:340
