2025-11-12 10:49:37, MOVE, v:1, k:poo@lapiseira, mode:PICK
2025-11-12 10:49:39, EXEC, v:1, k:poo@lapiseira, mode:FULL, rate:0, size:20
2025-11-12 10:49:46, EXEC, v:1, k:poo@lapiseira, mode:FULL, rate:0, size:20
2025-11-12 10:49:56, MOVE, v:1, k:poo@lapiseira, mode:BACK
2025-11-12 11:04:28, MOVE, v:1, k:poo@lapiseira, mode:PICK
2025-11-12 11:04:29, EXEC, v:1, k:poo@lapiseira, mode:FULL, rate:0, size:34
2025-11-12 11:04:34, MOVE, v:1, k:poo@lapiseira, mode:BACK
2025-11-12 11:22:03, MOVE, v:1, k:poo@lapiseira, mode:PICK
2025-11-12 11:22:04, EXEC, v:1, k:poo@lapiseira, mode:FULL, rate:7, size:61
2025-11-12 11:22:36, MOVE, v:1, k:poo@lapiseira, mode:BACK
2025-11-12 18:27:51, MOVE, v:1, k:poo@lapiseira, mode:PICK
2025-11-12 18:27:52, EXEC, v:1, k:poo@lapiseira, mode:FULL, rate:7
2025-11-12 18:28:02, MOVE, v:1, k:poo@lapiseira, mode:BACK
2025-11-12 18:31:51, MOVE, v:1, k:poo@lapiseira, mode:PICK
2025-11-12 18:31:53, EXEC, v:1, k:poo@lapiseira, mode:FULL, rate:7, size:69
2025-11-12 18:32:08, MOVE, v:1, k:poo@lapiseira, mode:BACK
2025-11-12 18:39:04, MOVE, v:1, k:poo@lapiseira, mode:PICK
2025-11-12 18:39:05, EXEC, v:1, k:poo@lapiseira, mode:FULL, rate:7, size:73
2025-11-12 18:39:09, MOVE, v:1, k:poo@lapiseira, mode:BACK
2025-11-12 18:42:36, MOVE, v:1, k:poo@lapiseira, mode:PICK
2025-11-12 18:42:37, EXEC, v:1, k:poo@lapiseira, mode:FULL, rate:0, size:78
2025-11-12 18:43:24, EXEC, v:1, k:poo@lapiseira, mode:FULL, rate:7, size:78
2025-11-12 18:44:53, EXEC, v:1, k:poo@lapiseira, mode:FULL, rate:14, size:82
2025-11-12 18:45:04, MOVE, v:1, k:poo@lapiseira, mode:BACK
2025-11-12 18:53:50, MOVE, v:1, k:poo@lapiseira, mode:PICK
2025-11-12 18:53:58, EXEC, v:1, k:poo@lapiseira, mode:FULL, rate:14
2025-11-12 18:54:03, MOVE, v:1, k:poo@lapiseira, mode:BACK
2025-11-12 18:54:04, MOVE, v:1, k:poo@lapiseira, mode:PICK
2025-11-12 18:54:24, EXEC, v:1, k:poo@lapiseira, mode:FULL, rate:14
2025-11-12 18:56:15, EXEC, v:1, k:poo@lapiseira, mode:FULL, rate:0, size:82
2025-11-12 18:56:37, EXEC, v:1, k:poo@lapiseira, mode:FULL, rate:14, size:82
2025-11-12 19:00:06, MOVE, v:1, k:poo@lapiseira, mode:BACK
2025-11-12 19:00:08, MOVE, v:1, k:poo@lapiseira, mode:PICK
2025-11-12 19:00:11, EXEC, v:1, k:poo@lapiseira, mode:FULL, rate:14
2025-11-12 19:00:31, MOVE, v:1, k:poo@lapiseira, mode:PICK
2025-11-12 19:00:32, EXEC, v:1, k:poo@lapiseira, mode:FULL, rate:14
2025-11-12 19:03:54, MOVE, v:1, k:poo@lapiseira, mode:BACK
2025-11-12 19:06:27, MOVE, v:1, k:poo@lapiseira, mode:PICK
2025-11-12 19:06:28, EXEC, v:1, k:poo@lapiseira, mode:FULL, rate:14, size:89
2025-11-12 19:06:53, EXEC, v:1, k:poo@lapiseira, mode:FULL, rate:7, size:89
2025-11-12 19:07:18, EXEC, v:1, k:poo@lapiseira, mode:FULL, rate:14, size:89
2025-11-12 19:07:40, EXEC, v:1, k:poo@lapiseira, mode:FULL, rate:7, size:89
2025-11-12 19:07:56, MOVE, v:1, k:poo@lapiseira, mode:PICK
2025-11-12 19:07:57, EXEC, v:1, k:poo@lapiseira, mode:FULL, rate:7
2025-11-12 19:11:13, EXEC, v:1, k:poo@lapiseira, mode:FULL, rate:14, size:89
2025-11-12 19:11:35, EXEC, v:1, k:poo@lapiseira, mode:FULL, rate:0, size:89
2025-11-12 19:18:51, EXEC, v:1, k:poo@lapiseira, mode:FULL, rate:14, size:89
2025-11-12 19:19:02, MOVE, v:1, k:poo@lapiseira, mode:BACK
2025-11-12 19:19:03, MOVE, v:1, k:poo@lapiseira, mode:PICK
2025-11-12 19:19:06, EXEC, v:1, k:poo@lapiseira, mode:FULL, rate:14
2025-11-12 19:20:45, EXEC, v:1, k:poo@lapiseira, mode:FULL, rate:35, size:89
2025-11-12 19:20:55, MOVE, v:1, k:poo@lapiseira, mode:BACK
2025-11-12 19:21:02, MOVE, v:1, k:poo@lapiseira, mode:PICK
2025-11-12 19:21:03, EXEC, v:1, k:poo@lapiseira, mode:FULL, rate:35
2025-11-12 19:31:30, EXEC, v:1, k:poo@lapiseira, mode:FULL, rate:35, size:92
2025-11-12 19:31:36, MOVE, v:1, k:poo@lapiseira, mode:BACK
2025-11-12 19:33:35, MOVE, v:1, k:poo@lapiseira, mode:PICK
2025-11-12 19:33:36, EXEC, v:1, k:poo@lapiseira, mode:FULL, rate:35
2025-11-12 20:13:14, MOVE, v:1, k:poo@lapiseira, mode:BACK
2025-11-12 20:13:55, MOVE, v:1, k:poo@lapiseira, mode:PICK
2025-11-12 20:13:56, EXEC, v:1, k:poo@lapiseira, mode:FULL, rate:35, size:101
2025-11-12 20:13:57, MOVE, v:1, k:poo@lapiseira, mode:BACK
2025-11-12 20:16:57, MOVE, v:1, k:poo@lapiseira, mode:PICK
2025-11-12 20:16:58, EXEC, v:1, k:poo@lapiseira, mode:FULL, rate:35, size:106
2025-11-12 20:17:57, EXEC, v:1, k:poo@lapiseira, mode:FULL, rate:28, size:109
2025-11-12 20:18:31, EXEC, v:1, k:poo@lapiseira, mode:FULL, rate:28, size:110
2025-11-12 20:23:00, EXEC, v:1, k:poo@lapiseira, mode:FULL, rate:28, size:109
2025-11-12 20:24:44, EXEC, v:1, k:poo@lapiseira, mode:FULL, rate:28, size:111
2025-11-12 20:26:07, EXEC, v:1, k:poo@lapiseira, mode:FULL, rate:42, size:111
2025-11-12 20:26:19, EXEC, v:1, k:poo@lapiseira, mode:FULL, rate:50, size:111
2025-11-12 20:26:32, MOVE, v:1, k:poo@lapiseira, mode:BACK
2025-11-12 20:27:49, MOVE, v:1, k:poo@lapiseira, mode:PICK
2025-11-12 20:27:51, EXEC, v:1, k:poo@lapiseira, mode:FULL, rate:50
2025-11-12 20:32:56, EXEC, v:1, k:poo@lapiseira, mode:FULL, rate:57, size:114
2025-11-12 20:33:08, MOVE, v:1, k:poo@lapiseira, mode:BACK
2025-11-12 20:41:38, MOVE, v:1, k:poo@lapiseira, mode:PICK
2025-11-12 20:41:39, EXEC, v:1, k:poo@lapiseira, mode:FULL, rate:57
2025-11-12 20:51:33, EXEC, v:1, k:poo@lapiseira, mode:FULL, rate:71, size:137
2025-11-12 20:56:03, EXEC, v:1, k:poo@lapiseira, mode:FULL, rate:85, size:137
2025-11-12 20:56:24, EXEC, v:1, k:poo@lapiseira, mode:FULL, rate:92, size:137
2025-11-12 20:56:32, MOVE, v:1, k:poo@lapiseira, mode:BACK
2025-11-12 20:57:27, MOVE, v:1, k:poo@lapiseira, mode:PICK
2025-11-12 20:57:29, EXEC, v:1, k:poo@lapiseira, mode:FULL, rate:92
2025-11-12 20:57:47, EXEC, v:1, k:poo@lapiseira, mode:FULL, rate:100, size:137
2025-11-12 20:57:56, MOVE, v:1, k:poo@lapiseira, mode:BACK
2025-11-12 20:59:03, SELF, v:1, k:poo@lapiseira, rate:100, guide:_, alone:8, study:330
